Copyright 1986-2022 Xilinx, Inc. All Rights Reserved.
------------------------------------------------------------------------------------
| Tool Version : Vivado v.2022.1 (win64) Build 3526262 Mon Apr 18 15:48:16 MDT 2022
| Date         : Fri May 27 12:19:06 2022
| Host         : LAPTOP-ANSHANG running 64-bit major release  (build 9200)
| Command      : upgrade_ip
| Device       : xc7a100tfgg484-1
------------------------------------------------------------------------------------

Upgrade Log for IP 'prgrom'

1. Summary
----------

SUCCESS in the upgrade of prgrom (xilinx.com:ip:blk_mem_gen:8.4) from (Rev. 1) to (Rev. 5)






Copyright 1986-2022 Xilinx, Inc. All Rights Reserved.
------------------------------------------------------------------------------------
| Tool Version : Vivado v.2022.1 (win64) Build 3526262 Mon Apr 18 15:48:16 MDT 2022
| Date         : Fri May 27 12:19:04 2022
| Host         : LAPTOP-ANSHANG running 64-bit major release  (build 9200)
| Command      : upgrade_ip
| Device       : xc7a100tfgg484-1
------------------------------------------------------------------------------------

Upgrade Log for IP 'RAM'

1. Summary
----------

SUCCESS in the upgrade of RAM (xilinx.com:ip:blk_mem_gen:8.4) from (Rev. 1) to (Rev. 5)






Copyright 1986-2022 Xilinx, Inc. All Rights Reserved.
------------------------------------------------------------------------------------
| Tool Version : Vivado v.2022.1 (win64) Build 3526262 Mon Apr 18 15:48:16 MDT 2022
| Date         : Fri May 27 12:14:32 2022
| Host         : LAPTOP-ANSHANG running 64-bit major release  (build 9200)
| Command      : upgrade_ip
| Device       : xc7a100tfgg484-1
------------------------------------------------------------------------------------

Upgrade Log for IP 'cpuclk'

1. Summary
----------

SUCCESS in the upgrade of cpuclk from xilinx.com:ip:clk_wiz:5.4 (Rev. 3) to xilinx.com:ip:clk_wiz:6.0 (Rev. 10)






Copyright 1986-2017 Xilinx, Inc. All Rights Reserved.
------------------------------------------------------------------------------------
| Tool Version : Vivado v.2017.4 (win64) Build 2086221 Fri Dec 15 20:55:39 MST 2017
| Date         : Thu May 26 21:07:52 2022
| Host         : LAPTOP-ANSHANG running 64-bit major release  (build 9200)
| Command      : upgrade_ip
| Device       : xc7a100tfgg484-1
------------------------------------------------------------------------------------

Upgrade Log for IP 'uart_model'

1. Summary
----------

SUCCESS in the conversion of uart_model (SEU_CSE_507:user:uart_bmpg:1.3 (Rev. 8)) to Vivado generation flows.






Copyright 1986-2017 Xilinx, Inc. All Rights Reserved.
------------------------------------------------------------------------------------
| Tool Version : Vivado v.2017.4 (win64) Build 2086221 Fri Dec 15 20:55:39 MST 2017
| Date         : Thu May 26 21:07:28 2022
| Host         : LAPTOP-ANSHANG running 64-bit major release  (build 9200)
| Command      : upgrade_ip
| Device       : xc7a100tfgg484-1
------------------------------------------------------------------------------------

Upgrade Log for IP 'prgrom'

1. Summary
----------

SUCCESS in the conversion of prgrom (xilinx.com:ip:blk_mem_gen:8.4 (Rev. 1)) to Vivado generation flows.






Copyright 1986-2017 Xilinx, Inc. All Rights Reserved.
------------------------------------------------------------------------------------
| Tool Version : Vivado v.2017.4 (win64) Build 2086221 Fri Dec 15 20:55:39 MST 2017
| Date         : Thu May 26 21:07:26 2022
| Host         : LAPTOP-ANSHANG running 64-bit major release  (build 9200)
| Command      : upgrade_ip
| Device       : xc7a100tfgg484-1
------------------------------------------------------------------------------------

Upgrade Log for IP 'cpuclk'

1. Summary
----------

SUCCESS in the conversion of cpuclk (xilinx.com:ip:clk_wiz:5.4 (Rev. 3)) to Vivado generation flows.






Copyright 1986-2017 Xilinx, Inc. All Rights Reserved.
------------------------------------------------------------------------------------
| Tool Version : Vivado v.2017.4 (win64) Build 2086221 Fri Dec 15 20:55:39 MST 2017
| Date         : Thu May 26 21:07:23 2022
| Host         : LAPTOP-ANSHANG running 64-bit major release  (build 9200)
| Command      : upgrade_ip
| Device       : xc7a100tfgg484-1
------------------------------------------------------------------------------------

Upgrade Log for IP 'RAM'

1. Summary
----------

SUCCESS in the conversion of RAM (xilinx.com:ip:blk_mem_gen:8.4 (Rev. 1)) to Vivado generation flows.

